<?xml version="1.0" encoding="UTF-8"?>
<!-- Generated by org.testng.reporters.JUnitXMLReporter -->
<testsuite hostname="Dell-PC" ignored="3" name="All group(failed)(failed)" tests="2" failures="0" timestamp="15 Dec 2019 11:09:14 GMT" time="0.101" errors="0">
  <testcase name="tb" time="0.026" classname="com.ust.global.interview.TestNgg"/>
  <testcase name="next1" time="0.002" classname="com.ust.global.interview.TestNgg"/>
  <testcase name="t1" time="0.0" classname="com.ust.global.interview.TestNgg">
    <ignored/>
  </testcase> <!-- t1 -->
  <testcase name="zz" time="0.0" classname="com.ust.global.interview.TestNgg">
    <ignored/>
  </testcase> <!-- zz -->
  <testcase name="aa" time="0.0" classname="com.ust.global.interview.TestNgg">
    <ignored/>
  </testcase> <!-- aa -->
</testsuite> <!-- All group(failed)(failed) -->
