<?xml version="1.0" encoding="UTF-8"?>
<!-- Generated by org.testng.reporters.JUnitXMLReporter -->
<testsuite hostname="Dell-PC" ignored="0" name="All group" tests="20" failures="0" timestamp="15 Dec 2019 13:20:43 GMT" time="0.202" errors="0">
  <testcase name="aa" time="0.015" classname="com.ust.global.interview.TestNgg"/>
  <testcase name="aa" time="0.0" classname="com.ust.global.interview.TestNgg"/>
  <testcase name="aa" time="0.0" classname="com.ust.global.interview.TestNgg"/>
  <testcase name="aa" time="0.0" classname="com.ust.global.interview.TestNgg"/>
  <testcase name="aa" time="0.0" classname="com.ust.global.interview.TestNgg"/>
  <testcase name="aa" time="0.0" classname="com.ust.global.interview.TestNgg"/>
  <testcase name="aa" time="0.0" classname="com.ust.global.interview.TestNgg"/>
  <testcase name="aa" time="0.0" classname="com.ust.global.interview.TestNgg"/>
  <testcase name="aa" time="0.0" classname="com.ust.global.interview.TestNgg"/>
  <testcase name="aa" time="0.0" classname="com.ust.global.interview.TestNgg"/>
  <testcase name="t1" time="0.0" classname="com.ust.global.interview.TestNgg"/>
  <testcase name="fifth" time="0.0" classname="com.ust.global.interview.TestNg2"/>
  <testcase name="third" time="0.016" classname="com.ust.global.interview.TestNg2"/>
  <testcase name="zz" time="0.0" classname="com.ust.global.interview.TestNgg"/>
  <testcase name="excludeGroup" time="0.0" classname="com.ust.global.interview.TestNgg"/>
  <testcase name="tb" time="0.0" classname="com.ust.global.interview.TestNgg"/>
  <testcase name="next1" time="0.0" classname="com.ust.global.interview.TestNgg"/>
  <testcase name="second" time="0.016" classname="com.ust.global.interview.TestNg2"/>
  <testcase name="first" time="0.0" classname="com.ust.global.interview.TestNg2"/>
  <testcase name="fourth" time="0.0" classname="com.ust.global.interview.TestNg2"/>
</testsuite> <!-- All group -->
