<?xml version="1.0" encoding="UTF-8"?>
<!-- Generated by org.testng.reporters.JUnitXMLReporter -->
<testsuite hostname="Dell-PC" ignored="7" name="Test" tests="13" failures="0" timestamp="15 Dec 2019 13:20:42 GMT" time="0.153" errors="0">
  <testcase name="aa" time="0.016" classname="com.ust.global.interview.TestNgg"/>
  <testcase name="fifth" time="0.016" classname="com.ust.global.interview.TestNg2"/>
  <testcase name="aa" time="0.0" classname="com.ust.global.interview.TestNgg"/>
  <testcase name="aa" time="0.0" classname="com.ust.global.interview.TestNgg"/>
  <testcase name="aa" time="0.016" classname="com.ust.global.interview.TestNgg"/>
  <testcase name="aa" time="0.0" classname="com.ust.global.interview.TestNgg"/>
  <testcase name="aa" time="0.0" classname="com.ust.global.interview.TestNgg"/>
  <testcase name="aa" time="0.0" classname="com.ust.global.interview.TestNgg"/>
  <testcase name="aa" time="0.0" classname="com.ust.global.interview.TestNgg"/>
  <testcase name="aa" time="0.0" classname="com.ust.global.interview.TestNgg"/>
  <testcase name="aa" time="0.0" classname="com.ust.global.interview.TestNgg"/>
  <testcase name="second" time="0.0" classname="com.ust.global.interview.TestNg2"/>
  <testcase name="first" time="0.0" classname="com.ust.global.interview.TestNg2"/>
  <testcase name="excludeGroup" time="0.0" classname="com.ust.global.interview.TestNgg">
    <ignored/>
  </testcase> <!-- excludeGroup -->
  <testcase name="next1" time="0.0" classname="com.ust.global.interview.TestNgg">
    <ignored/>
  </testcase> <!-- next1 -->
  <testcase name="t1" time="0.0" classname="com.ust.global.interview.TestNgg">
    <ignored/>
  </testcase> <!-- t1 -->
  <testcase name="third" time="0.0" classname="com.ust.global.interview.TestNg2">
    <ignored/>
  </testcase> <!-- third -->
  <testcase name="tb" time="0.0" classname="com.ust.global.interview.TestNgg">
    <ignored/>
  </testcase> <!-- tb -->
  <testcase name="zz" time="0.0" classname="com.ust.global.interview.TestNgg">
    <ignored/>
  </testcase> <!-- zz -->
  <testcase name="fourth" time="0.0" classname="com.ust.global.interview.TestNg2">
    <ignored/>
  </testcase> <!-- fourth -->
</testsuite> <!-- Test -->
