<?xml version="1.0" encoding="UTF-8"?>
<!-- Generated by org.testng.reporters.JUnitXMLReporter -->
<testsuite hostname="Dell-PC" name="Test" tests="3" failures="0" timestamp="21 Aug 2019 20:31:35 GMT" time="174.152" errors="0">
  <testcase name="testThatResultsAppearForAOneWayJourney" time="56.282" classname="TestCase.FlightBookingTest"/>
  <testcase name="shouldThrowAnErrorIfSignInDetailsAreMissing" time="42.325" classname="TestCase.SignInTest"/>
  <testcase name="shouldBeAbleToSearchForHotels" time="75.513" classname="TestCase.HotelBookingTest"/>
</testsuite> <!-- Test -->
