<?xml version="1.0" encoding="UTF-8"?>
<!-- Generated by org.testng.reporters.JUnitXMLReporter -->
<testsuite hostname="Dell-PC" ignored="3" name="All group(failed)" tests="2" failures="1" timestamp="15 Dec 2019 11:08:41 GMT" time="0.098" errors="0">
  <testcase name="tb" time="0.025" classname="com.ust.global.interview.TestNgg">
    <failure type="java.lang.AssertionError" message="expected:&amp;lt;true&amp;gt; but was:&amp;lt;false&amp;gt;">
      <![CDATA[java.lang.AssertionError: expected:<true> but was:<false>
at org.junit.Assert.fail(Assert.java:89)
at org.junit.Assert.failNotEquals(Assert.java:835)
at org.junit.Assert.assertEquals(Assert.java:120)
at org.junit.Assert.assertEquals(Assert.java:146)
at com.ust.global.interview.TestNgg.tb(TestNgg.java:23)
at java.util.concurrent.ThreadPoolExecutor.runWorker(Unknown Source)
at java.util.concurrent.ThreadPoolExecutor$Worker.run(Unknown Source)
at java.lang.Thread.run(Unknown Source)
... Removed 10 stack frames]]>
    </failure>
  </testcase> <!-- tb -->
  <testcase name="next1" time="0.0" classname="com.ust.global.interview.TestNgg">
    <skipped/>
  </testcase> <!-- next1 -->
  <testcase name="t1" time="0.0" classname="com.ust.global.interview.TestNgg">
    <ignored/>
  </testcase> <!-- t1 -->
  <testcase name="zz" time="0.0" classname="com.ust.global.interview.TestNgg">
    <ignored/>
  </testcase> <!-- zz -->
  <testcase name="aa" time="0.0" classname="com.ust.global.interview.TestNgg">
    <ignored/>
  </testcase> <!-- aa -->
</testsuite> <!-- All group(failed) -->
