<?xml version="1.0" encoding="UTF-8"?>
<testng-results skipped="0" failed="0" total="1" passed="1">
  <reporter-output>
  </reporter-output>
  <suite name="Surefire suite" duration-ms="72" started-at="2019-04-08T11:20:29Z" finished-at="2019-04-08T11:20:29Z">
    <groups>
    </groups>
    <test name="Surefire test" duration-ms="72" started-at="2019-04-08T11:20:29Z" finished-at="2019-04-08T11:20:29Z">
      <class name="com.servicenow.ServiceNowPageObjectModel.AppTest">
        <test-method status="PASS" signature="shouldAnswerWithTrue()[pri:0, instance:shouldAnswerWithTrue(com.servicenow.ServiceNowPageObjectModel.AppTest)]" name="shouldAnswerWithTrue" duration-ms="3" started-at="2019-04-08T07:20:29Z" finished-at="2019-04-08T07:20:29Z">
          <reporter-output>
          </reporter-output>
        </test-method> <!-- shouldAnswerWithTrue -->
      </class> <!-- com.servicenow.ServiceNowPageObjectModel.AppTest -->
    </test> <!-- Surefire test -->
  </suite> <!-- Surefire suite -->
</testng-results>
