<?xml version="1.0" encoding="UTF-8"?>
<testng-results skipped="0" failed="0" ignored="0" total="15" passed="15">
  <reporter-output>
  </reporter-output>
  <suite name="Default suite" duration-ms="235" started-at="2020-01-30T20:01:42Z" finished-at="2020-01-30T20:01:42Z">
    <groups>
      <group name="AllGroups2">
        <method signature="TestNgg.aa(java.lang.String)[pri:0, instance:com.ust.global.interview.TestNgg@6d7b4f4c]" name="aa" class="com.ust.global.interview.TestNgg"/>
        <method signature="TestNgg.excludeGroup()[pri:0, instance:com.ust.global.interview.TestNgg@6d7b4f4c]" name="excludeGroup" class="com.ust.global.interview.TestNgg"/>
        <method signature="TestNgg.t1()[pri:0, instance:com.ust.global.interview.TestNgg@6d7b4f4c]" name="t1" class="com.ust.global.interview.TestNgg"/>
        <method signature="TestNgg.tb()[pri:0, instance:com.ust.global.interview.TestNgg@6d7b4f4c]" name="tb" class="com.ust.global.interview.TestNgg"/>
        <method signature="TestNgg.next1()[pri:0, instance:com.ust.global.interview.TestNgg@6d7b4f4c]" name="next1" class="com.ust.global.interview.TestNgg"/>
        <method signature="TestNgg.zz()[pri:0, instance:com.ust.global.interview.TestNgg@6d7b4f4c]" name="zz" class="com.ust.global.interview.TestNgg"/>
      </group> <!-- AllGroups2 -->
      <group name="depend">
        <method signature="TestNgg.excludeGroup()[pri:0, instance:com.ust.global.interview.TestNgg@6d7b4f4c]" name="excludeGroup" class="com.ust.global.interview.TestNgg"/>
      </group> <!-- depend -->
      <group name="regression">
        <method signature="TestNgg.aa(java.lang.String)[pri:0, instance:com.ust.global.interview.TestNgg@6d7b4f4c]" name="aa" class="com.ust.global.interview.TestNgg"/>
      </group> <!-- regression -->
      <group name="smoke">
        <method signature="TestNgg.aa(java.lang.String)[pri:0, instance:com.ust.global.interview.TestNgg@6d7b4f4c]" name="aa" class="com.ust.global.interview.TestNgg"/>
      </group> <!-- smoke -->
      <group name="sanity">
        <method signature="TestNgg.aa(java.lang.String)[pri:0, instance:com.ust.global.interview.TestNgg@6d7b4f4c]" name="aa" class="com.ust.global.interview.TestNgg"/>
      </group> <!-- sanity -->
    </groups>
    <test name="Default test" duration-ms="235" started-at="2020-01-30T20:01:42Z" finished-at="2020-01-30T20:01:42Z">
      <class name="com.ust.global.interview.TestNgg">
        <test-method status="PASS" signature="b()[pri:0, instance:com.ust.global.interview.TestNgg@6d7b4f4c]" name="b" is-config="true" duration-ms="15" started-at="2020-01-30T20:01:41Z" finished-at="2020-01-30T20:01:42Z">
          <reporter-output>
          </reporter-output>
        </test-method> <!-- b -->
        <test-method status="PASS" signature="bt()[pri:0, instance:com.ust.global.interview.TestNgg@6d7b4f4c]" name="bt" is-config="true" duration-ms="0" started-at="2020-01-30T20:01:42Z" finished-at="2020-01-30T20:01:42Z">
          <reporter-output>
          </reporter-output>
        </test-method> <!-- bt -->
        <test-method status="PASS" signature="bc()[pri:0, instance:com.ust.global.interview.TestNgg@6d7b4f4c]" name="bc" is-config="true" duration-ms="0" started-at="2020-01-30T20:01:42Z" finished-at="2020-01-30T20:01:42Z">
          <reporter-output>
          </reporter-output>
        </test-method> <!-- bc -->
        <test-method status="PASS" signature="bm()[pri:0, instance:com.ust.global.interview.TestNgg@6d7b4f4c]" name="bm" is-config="true" duration-ms="0" started-at="2020-01-30T20:01:42Z" finished-at="2020-01-30T20:01:42Z">
          <reporter-output>
          </reporter-output>
        </test-method> <!-- bm -->
        <test-method status="PASS" signature="aa(java.lang.String)[pri:0, instance:com.ust.global.interview.TestNgg@6d7b4f4c]" name="aa" duration-ms="16" started-at="2020-01-30T20:01:42Z" finished-at="2020-01-30T20:01:42Z">
          <params>
            <param index="0">
              <value is-null="true"/>
            </param>
          </params>
          <reporter-output>
          </reporter-output>
        </test-method> <!-- aa -->
        <test-method status="PASS" signature="bm()[pri:0, instance:com.ust.global.interview.TestNgg@6d7b4f4c]" name="bm" is-config="true" duration-ms="0" started-at="2020-01-30T20:01:42Z" finished-at="2020-01-30T20:01:42Z">
          <reporter-output>
          </reporter-output>
        </test-method> <!-- bm -->
        <test-method status="PASS" signature="aa(java.lang.String)[pri:0, instance:com.ust.global.interview.TestNgg@6d7b4f4c]" name="aa" duration-ms="0" started-at="2020-01-30T20:01:42Z" finished-at="2020-01-30T20:01:42Z">
          <params>
            <param index="0">
              <value is-null="true"/>
            </param>
          </params>
          <reporter-output>
          </reporter-output>
        </test-method> <!-- aa -->
        <test-method status="PASS" signature="am()[pri:0, instance:com.ust.global.interview.TestNgg@6d7b4f4c]" name="am" is-config="true" duration-ms="0" started-at="2020-01-30T20:01:42Z" finished-at="2020-01-30T20:01:42Z">
          <reporter-output>
          </reporter-output>
        </test-method> <!-- am -->
        <test-method status="PASS" signature="am()[pri:0, instance:com.ust.global.interview.TestNgg@6d7b4f4c]" name="am" is-config="true" duration-ms="0" started-at="2020-01-30T20:01:42Z" finished-at="2020-01-30T20:01:42Z">
          <reporter-output>
          </reporter-output>
        </test-method> <!-- am -->
        <test-method status="PASS" signature="aa(java.lang.String)[pri:0, instance:com.ust.global.interview.TestNgg@6d7b4f4c]" name="aa" duration-ms="0" started-at="2020-01-30T20:01:42Z" finished-at="2020-01-30T20:01:42Z">
          <params>
            <param index="0">
              <value is-null="true"/>
            </param>
          </params>
          <reporter-output>
          </reporter-output>
        </test-method> <!-- aa -->
        <test-method status="PASS" signature="bm()[pri:0, instance:com.ust.global.interview.TestNgg@6d7b4f4c]" name="bm" is-config="true" duration-ms="0" started-at="2020-01-30T20:01:42Z" finished-at="2020-01-30T20:01:42Z">
          <reporter-output>
          </reporter-output>
        </test-method> <!-- bm -->
        <test-method status="PASS" signature="bm()[pri:0, instance:com.ust.global.interview.TestNgg@6d7b4f4c]" name="bm" is-config="true" duration-ms="0" started-at="2020-01-30T20:01:42Z" finished-at="2020-01-30T20:01:42Z">
          <reporter-output>
          </reporter-output>
        </test-method> <!-- bm -->
        <test-method status="PASS" signature="aa(java.lang.String)[pri:0, instance:com.ust.global.interview.TestNgg@6d7b4f4c]" name="aa" duration-ms="0" started-at="2020-01-30T20:01:42Z" finished-at="2020-01-30T20:01:42Z">
          <params>
            <param index="0">
              <value is-null="true"/>
            </param>
          </params>
          <reporter-output>
          </reporter-output>
        </test-method> <!-- aa -->
        <test-method status="PASS" signature="am()[pri:0, instance:com.ust.global.interview.TestNgg@6d7b4f4c]" name="am" is-config="true" duration-ms="0" started-at="2020-01-30T20:01:42Z" finished-at="2020-01-30T20:01:42Z">
          <reporter-output>
          </reporter-output>
        </test-method> <!-- am -->
        <test-method status="PASS" signature="am()[pri:0, instance:com.ust.global.interview.TestNgg@6d7b4f4c]" name="am" is-config="true" duration-ms="0" started-at="2020-01-30T20:01:42Z" finished-at="2020-01-30T20:01:42Z">
          <reporter-output>
          </reporter-output>
        </test-method> <!-- am -->
        <test-method status="PASS" signature="bm()[pri:0, instance:com.ust.global.interview.TestNgg@6d7b4f4c]" name="bm" is-config="true" duration-ms="0" started-at="2020-01-30T20:01:42Z" finished-at="2020-01-30T20:01:42Z">
          <reporter-output>
          </reporter-output>
        </test-method> <!-- bm -->
        <test-method status="PASS" signature="aa(java.lang.String)[pri:0, instance:com.ust.global.interview.TestNgg@6d7b4f4c]" name="aa" duration-ms="15" started-at="2020-01-30T20:01:42Z" finished-at="2020-01-30T20:01:42Z">
          <params>
            <param index="0">
              <value is-null="true"/>
            </param>
          </params>
          <reporter-output>
          </reporter-output>
        </test-method> <!-- aa -->
        <test-method status="PASS" signature="am()[pri:0, instance:com.ust.global.interview.TestNgg@6d7b4f4c]" name="am" is-config="true" duration-ms="0" started-at="2020-01-30T20:01:42Z" finished-at="2020-01-30T20:01:42Z">
          <reporter-output>
          </reporter-output>
        </test-method> <!-- am -->
        <test-method status="PASS" signature="aa(java.lang.String)[pri:0, instance:com.ust.global.interview.TestNgg@6d7b4f4c]" name="aa" duration-ms="0" started-at="2020-01-30T20:01:42Z" finished-at="2020-01-30T20:01:42Z">
          <params>
            <param index="0">
              <value is-null="true"/>
            </param>
          </params>
          <reporter-output>
          </reporter-output>
        </test-method> <!-- aa -->
        <test-method status="PASS" signature="bm()[pri:0, instance:com.ust.global.interview.TestNgg@6d7b4f4c]" name="bm" is-config="true" duration-ms="0" started-at="2020-01-30T20:01:42Z" finished-at="2020-01-30T20:01:42Z">
          <reporter-output>
          </reporter-output>
        </test-method> <!-- bm -->
        <test-method status="PASS" signature="am()[pri:0, instance:com.ust.global.interview.TestNgg@6d7b4f4c]" name="am" is-config="true" duration-ms="0" started-at="2020-01-30T20:01:42Z" finished-at="2020-01-30T20:01:42Z">
          <reporter-output>
          </reporter-output>
        </test-method> <!-- am -->
        <test-method status="PASS" signature="am()[pri:0, instance:com.ust.global.interview.TestNgg@6d7b4f4c]" name="am" is-config="true" duration-ms="0" started-at="2020-01-30T20:01:42Z" finished-at="2020-01-30T20:01:42Z">
          <reporter-output>
          </reporter-output>
        </test-method> <!-- am -->
        <test-method status="PASS" signature="bm()[pri:0, instance:com.ust.global.interview.TestNgg@6d7b4f4c]" name="bm" is-config="true" duration-ms="0" started-at="2020-01-30T20:01:42Z" finished-at="2020-01-30T20:01:42Z">
          <reporter-output>
          </reporter-output>
        </test-method> <!-- bm -->
        <test-method status="PASS" signature="aa(java.lang.String)[pri:0, instance:com.ust.global.interview.TestNgg@6d7b4f4c]" name="aa" duration-ms="0" started-at="2020-01-30T20:01:42Z" finished-at="2020-01-30T20:01:42Z">
          <params>
            <param index="0">
              <value is-null="true"/>
            </param>
          </params>
          <reporter-output>
          </reporter-output>
        </test-method> <!-- aa -->
        <test-method status="PASS" signature="aa(java.lang.String)[pri:0, instance:com.ust.global.interview.TestNgg@6d7b4f4c]" name="aa" duration-ms="0" started-at="2020-01-30T20:01:42Z" finished-at="2020-01-30T20:01:42Z">
          <params>
            <param index="0">
              <value is-null="true"/>
            </param>
          </params>
          <reporter-output>
          </reporter-output>
        </test-method> <!-- aa -->
        <test-method status="PASS" signature="bm()[pri:0, instance:com.ust.global.interview.TestNgg@6d7b4f4c]" name="bm" is-config="true" duration-ms="0" started-at="2020-01-30T20:01:42Z" finished-at="2020-01-30T20:01:42Z">
          <reporter-output>
          </reporter-output>
        </test-method> <!-- bm -->
        <test-method status="PASS" signature="aa(java.lang.String)[pri:0, instance:com.ust.global.interview.TestNgg@6d7b4f4c]" name="aa" duration-ms="0" started-at="2020-01-30T20:01:42Z" finished-at="2020-01-30T20:01:42Z">
          <params>
            <param index="0">
              <value is-null="true"/>
            </param>
          </params>
          <reporter-output>
          </reporter-output>
        </test-method> <!-- aa -->
        <test-method status="PASS" signature="bm()[pri:0, instance:com.ust.global.interview.TestNgg@6d7b4f4c]" name="bm" is-config="true" duration-ms="0" started-at="2020-01-30T20:01:42Z" finished-at="2020-01-30T20:01:42Z">
          <reporter-output>
          </reporter-output>
        </test-method> <!-- bm -->
        <test-method status="PASS" signature="am()[pri:0, instance:com.ust.global.interview.TestNgg@6d7b4f4c]" name="am" is-config="true" duration-ms="0" started-at="2020-01-30T20:01:42Z" finished-at="2020-01-30T20:01:42Z">
          <reporter-output>
          </reporter-output>
        </test-method> <!-- am -->
        <test-method status="PASS" signature="am()[pri:0, instance:com.ust.global.interview.TestNgg@6d7b4f4c]" name="am" is-config="true" duration-ms="0" started-at="2020-01-30T20:01:42Z" finished-at="2020-01-30T20:01:42Z">
          <reporter-output>
          </reporter-output>
        </test-method> <!-- am -->
        <test-method status="PASS" signature="bm()[pri:0, instance:com.ust.global.interview.TestNgg@6d7b4f4c]" name="bm" is-config="true" duration-ms="0" started-at="2020-01-30T20:01:42Z" finished-at="2020-01-30T20:01:42Z">
          <reporter-output>
          </reporter-output>
        </test-method> <!-- bm -->
        <test-method status="PASS" signature="excludeGroup()[pri:0, instance:com.ust.global.interview.TestNgg@6d7b4f4c]" name="excludeGroup" duration-ms="15" started-at="2020-01-30T20:01:42Z" finished-at="2020-01-30T20:01:42Z">
          <reporter-output>
          </reporter-output>
        </test-method> <!-- excludeGroup -->
        <test-method status="PASS" signature="am()[pri:0, instance:com.ust.global.interview.TestNgg@6d7b4f4c]" name="am" is-config="true" duration-ms="0" started-at="2020-01-30T20:01:42Z" finished-at="2020-01-30T20:01:42Z">
          <reporter-output>
          </reporter-output>
        </test-method> <!-- am -->
        <test-method status="PASS" signature="aa(java.lang.String)[pri:0, instance:com.ust.global.interview.TestNgg@6d7b4f4c]" name="aa" duration-ms="0" started-at="2020-01-30T20:01:42Z" finished-at="2020-01-30T20:01:42Z">
          <params>
            <param index="0">
              <value is-null="true"/>
            </param>
          </params>
          <reporter-output>
          </reporter-output>
        </test-method> <!-- aa -->
        <test-method status="PASS" signature="bm()[pri:0, instance:com.ust.global.interview.TestNgg@6d7b4f4c]" name="bm" is-config="true" duration-ms="0" started-at="2020-01-30T20:01:42Z" finished-at="2020-01-30T20:01:42Z">
          <reporter-output>
          </reporter-output>
        </test-method> <!-- bm -->
        <test-method status="PASS" signature="bm()[pri:0, instance:com.ust.global.interview.TestNgg@6d7b4f4c]" name="bm" is-config="true" duration-ms="0" started-at="2020-01-30T20:01:42Z" finished-at="2020-01-30T20:01:42Z">
          <reporter-output>
          </reporter-output>
        </test-method> <!-- bm -->
        <test-method status="PASS" signature="zz()[pri:0, instance:com.ust.global.interview.TestNgg@6d7b4f4c]" name="zz" duration-ms="16" started-at="2020-01-30T20:01:42Z" finished-at="2020-01-30T20:01:42Z">
          <reporter-output>
          </reporter-output>
        </test-method> <!-- zz -->
        <test-method status="PASS" signature="am()[pri:0, instance:com.ust.global.interview.TestNgg@6d7b4f4c]" name="am" is-config="true" duration-ms="0" started-at="2020-01-30T20:01:42Z" finished-at="2020-01-30T20:01:42Z">
          <reporter-output>
          </reporter-output>
        </test-method> <!-- am -->
        <test-method status="PASS" signature="bm()[pri:0, instance:com.ust.global.interview.TestNgg@6d7b4f4c]" name="bm" is-config="true" duration-ms="0" started-at="2020-01-30T20:01:42Z" finished-at="2020-01-30T20:01:42Z">
          <reporter-output>
          </reporter-output>
        </test-method> <!-- bm -->
        <test-method status="PASS" signature="am()[pri:0, instance:com.ust.global.interview.TestNgg@6d7b4f4c]" name="am" is-config="true" duration-ms="0" started-at="2020-01-30T20:01:42Z" finished-at="2020-01-30T20:01:42Z">
          <reporter-output>
          </reporter-output>
        </test-method> <!-- am -->
        <test-method status="PASS" signature="t1()[pri:0, instance:com.ust.global.interview.TestNgg@6d7b4f4c]" name="t1" duration-ms="0" started-at="2020-01-30T20:01:42Z" finished-at="2020-01-30T20:01:42Z">
          <reporter-output>
          </reporter-output>
        </test-method> <!-- t1 -->
        <test-method status="PASS" signature="tb()[pri:0, instance:com.ust.global.interview.TestNgg@6d7b4f4c]" name="tb" duration-ms="0" depends-on-groups="depend" started-at="2020-01-30T20:01:42Z" finished-at="2020-01-30T20:01:42Z">
          <reporter-output>
          </reporter-output>
        </test-method> <!-- tb -->
        <test-method status="PASS" signature="am()[pri:0, instance:com.ust.global.interview.TestNgg@6d7b4f4c]" name="am" is-config="true" duration-ms="0" started-at="2020-01-30T20:01:42Z" finished-at="2020-01-30T20:01:42Z">
          <reporter-output>
          </reporter-output>
        </test-method> <!-- am -->
        <test-method status="PASS" signature="bm()[pri:0, instance:com.ust.global.interview.TestNgg@6d7b4f4c]" name="bm" is-config="true" duration-ms="0" started-at="2020-01-30T20:01:42Z" finished-at="2020-01-30T20:01:42Z">
          <reporter-output>
          </reporter-output>
        </test-method> <!-- bm -->
        <test-method status="PASS" signature="am()[pri:0, instance:com.ust.global.interview.TestNgg@6d7b4f4c]" name="am" is-config="true" duration-ms="0" started-at="2020-01-30T20:01:42Z" finished-at="2020-01-30T20:01:42Z">
          <reporter-output>
          </reporter-output>
        </test-method> <!-- am -->
        <test-method status="PASS" signature="at()[pri:0, instance:com.ust.global.interview.TestNgg@6d7b4f4c]" name="at" is-config="true" duration-ms="0" started-at="2020-01-30T20:01:42Z" finished-at="2020-01-30T20:01:42Z">
          <reporter-output>
          </reporter-output>
        </test-method> <!-- at -->
        <test-method status="PASS" signature="ac()[pri:0, instance:com.ust.global.interview.TestNgg@6d7b4f4c]" name="ac" is-config="true" duration-ms="0" started-at="2020-01-30T20:01:42Z" finished-at="2020-01-30T20:01:42Z">
          <reporter-output>
          </reporter-output>
        </test-method> <!-- ac -->
        <test-method status="PASS" signature="am()[pri:0, instance:com.ust.global.interview.TestNgg@6d7b4f4c]" name="am" is-config="true" duration-ms="0" started-at="2020-01-30T20:01:42Z" finished-at="2020-01-30T20:01:42Z">
          <reporter-output>
          </reporter-output>
        </test-method> <!-- am -->
        <test-method status="PASS" signature="bm()[pri:0, instance:com.ust.global.interview.TestNgg@6d7b4f4c]" name="bm" is-config="true" duration-ms="0" started-at="2020-01-30T20:01:42Z" finished-at="2020-01-30T20:01:42Z">
          <reporter-output>
          </reporter-output>
        </test-method> <!-- bm -->
        <test-method status="PASS" signature="next1()[pri:0, instance:com.ust.global.interview.TestNgg@6d7b4f4c]" name="next1" duration-ms="0" started-at="2020-01-30T20:01:42Z" depends-on-methods="com.ust.global.interview.TestNgg.tb" finished-at="2020-01-30T20:01:42Z">
          <reporter-output>
          </reporter-output>
        </test-method> <!-- next1 -->
        <test-method status="PASS" signature="as()[pri:0, instance:com.ust.global.interview.TestNgg@6d7b4f4c]" name="as" is-config="true" duration-ms="0" started-at="2020-01-30T20:01:42Z" finished-at="2020-01-30T20:01:42Z">
          <reporter-output>
          </reporter-output>
        </test-method> <!-- as -->
      </class> <!-- com.ust.global.interview.TestNgg -->
    </test> <!-- Default test -->
  </suite> <!-- Default suite -->
</testng-results>
